app/build/intermediates/manifest_merge_blame_file/debug/manifest-merger-blame-debug-report.txt
1<?xml version="1.0" encoding="utf-8"?>
2<manifest xmlns:android="http://schemas.android.com/apk/res/android"
3    package="com.lpdam.SA.android_app"
4    android:versionCode="1"
5    android:versionName="1.0" >
6
7    <uses-sdk
8        android:minSdkVersion="15"
8-->src\main\AndroidManifest.xml
9        android:targetSdkVersion="29" />
9-->src\main\AndroidManifest.xml
10
11    <uses-permission android:name="android.permission.VIBRATE" />
11-->src\main\AndroidManifest.xml:5:5-66
11-->src\main\AndroidManifest.xml:5:22-63
12
13    <application
13-->src\main\AndroidManifest.xml:7:5-39:19
14        android:allowBackup="true"
14-->src\main\AndroidManifest.xml:8:9-35
15        android:appComponentFactory="androidx.core.app.CoreComponentFactory"
15-->[androidx.core:core:1.0.2] AndroidManifest.xml:22:18-86
16        android:debuggable="true"
17        android:icon="@mipmap/ic_launcher"
17-->src\main\AndroidManifest.xml:9:9-43
18        android:label="@string/app_name"
18-->src\main\AndroidManifest.xml:10:9-41
19        android:roundIcon="@mipmap/ic_launcher_round"
19-->src\main\AndroidManifest.xml:11:9-54
20        android:supportsRtl="true"
20-->src\main\AndroidManifest.xml:12:9-35
21        android:testOnly="true"
22        android:theme="@style/AppTheme" >
22-->src\main\AndroidManifest.xml:13:9-40
23        <activity
23-->src\main\AndroidManifest.xml:14:9-17:68
24            android:name="com.lpdam.SA.android_app.FlutterActivity"
24-->src\main\AndroidManifest.xml:15:13-44
25            android:label="@string/title_activity_flutter"
25-->src\main\AndroidManifest.xml:16:13-59
26            android:theme="@style/AppTheme.NoActionBar" />
26-->src\main\AndroidManifest.xml:17:13-56
27        <activity
27-->src\main\AndroidManifest.xml:18:9-21:59
28            android:name="com.lpdam.SA.android_app.IonicActivity"
28-->src\main\AndroidManifest.xml:19:13-42
29            android:label="@string/title_activity_ionic"
29-->src\main\AndroidManifest.xml:20:13-57
30            android:theme="@style/AppTheme.NoActionBar" />
30-->src\main\AndroidManifest.xml:21:13-56
31        <activity
31-->src\main\AndroidManifest.xml:22:9-25:59
32            android:name="com.lpdam.SA.android_app.KotlinActivity"
32-->src\main\AndroidManifest.xml:23:13-43
33            android:label="@string/title_activity_kotlin"
33-->src\main\AndroidManifest.xml:24:13-58
34            android:theme="@style/AppTheme.NoActionBar" />
34-->src\main\AndroidManifest.xml:25:13-56
35        <activity
35-->src\main\AndroidManifest.xml:26:9-29:59
36            android:name="com.lpdam.SA.android_app.XamarinActivity"
36-->src\main\AndroidManifest.xml:27:13-44
37            android:label="@string/title_activity_xamarin"
37-->src\main\AndroidManifest.xml:28:13-59
38            android:theme="@style/AppTheme.NoActionBar" />
38-->src\main\AndroidManifest.xml:29:13-56
39        <activity
39-->src\main\AndroidManifest.xml:30:9-38:20
40            android:name="com.lpdam.SA.android_app.MainActivity"
40-->src\main\AndroidManifest.xml:31:13-41
41            android:label="@string/app_name" >
41-->src\main\AndroidManifest.xml:32:13-45
42            <intent-filter>
42-->src\main\AndroidManifest.xml:33:13-37:29
43                <action android:name="android.intent.action.MAIN" />
43-->src\main\AndroidManifest.xml:34:17-69
43-->src\main\AndroidManifest.xml:34:25-66
44
45                <category android:name="android.intent.category.LAUNCHER" />
45-->src\main\AndroidManifest.xml:36:17-77
45-->src\main\AndroidManifest.xml:36:27-74
46            </intent-filter>
47        </activity>
48
49        <provider
49-->[androidx.lifecycle:lifecycle-process:2.0.0] AndroidManifest.xml:23:9-27:43
50            android:name="androidx.lifecycle.ProcessLifecycleOwnerInitializer"
50-->[androidx.lifecycle:lifecycle-process:2.0.0] AndroidManifest.xml:24:13-79
51            android:authorities="com.lpdam.SA.android_app.lifecycle-process"
51-->[androidx.lifecycle:lifecycle-process:2.0.0] AndroidManifest.xml:25:13-69
52            android:exported="false"
52-->[androidx.lifecycle:lifecycle-process:2.0.0] AndroidManifest.xml:26:13-37
53            android:multiprocess="true" />
53-->[androidx.lifecycle:lifecycle-process:2.0.0] AndroidManifest.xml:27:13-40
54    </application>
55
56</manifest>